Version: nightly
Build Time: 2025-09-09

Error log:
.\external\script\start.lua:1588: external/script/main.lua:192: registry overflow
stack traceback:
	[G]: in function 'commandGetState'
	external/script/main.lua:192: in function 'f_input'
	external/script/main.lua:3876: in function 'f_menuCommonCalc'
	.\external\script\menu.lua:283: in function <.\external\script\menu.lua:274>
	.\external\script\menu.lua:531: in function 'f_run'
	.\external\script\global.lua:326: in function 'loop'
	<string>:1: in function <<string>:0>
	[G]: in function 'game'
	.\external\script\start.lua:1588: in function 'f_game'
	.\external\script\start.lua:2034: in function 'launchFight'
	external/script/default.lua:2: in function <external/script/default.lua:0>
	.\external\script\start.lua:1651: in function 'f'
	external/script/main.lua:3190: in function 'loop'
	external/script/main.lua:3317: in function 'loop'
	external/script/main.lua:4393: in main chunk
	[G]: ?
stack traceback:
	[G]: in function 'game'
	.\external\script\start.lua:1588: in function 'f_game'
	.\external\script\start.lua:2034: in function 'launchFight'
	external/script/default.lua:2: in function <external/script/default.lua:0>
	.\external\script\start.lua:1651: in function 'f'
	external/script/main.lua:3190: in function 'loop'
	external/script/main.lua:3317: in function 'loop'
	external/script/main.lua:4393: in main chunk
	[G]: ?
